<?xml version="1.0" encoding="UTF-8"?>
<!-- Generated by org.testng.reporters.JUnitReportReporter -->
<testsuite skipped="0" hostname="tyss-4f-79" name="TestScripts.Script24" tests="1" failures="0" timestamp="05 Nov 2019 05:14:00 GMT" time="33.232" errors="0">
  <testcase name="test10" time="33.232" classname="TestScripts.Script24"/>
</testsuite> <!-- TestScripts.Script24 -->
