<?xml version="1.0" encoding="UTF-8"?>
<!-- Generated by org.testng.reporters.JUnitReportReporter -->
<testsuite skipped="0" hostname="tyss-4f-79" name="TestScripts.Scenario8" tests="1" failures="0" timestamp="04 Nov 2019 10:28:26 GMT" time="32.680" errors="0">
  <testcase name="test7" time="32.680" classname="TestScripts.Scenario8"/>
</testsuite> <!-- TestScripts.Scenario8 -->
