<?xml version="1.0" encoding="UTF-8"?>
<!-- Generated by org.testng.reporters.JUnitReportReporter -->
<testsuite skipped="0" hostname="tyss-4f-79" name="TestScripts.Script27" tests="1" failures="0" timestamp="05 Nov 2019 09:55:32 GMT" time="10.946" errors="0">
  <testcase name="test10" time="10.946" classname="TestScripts.Script27"/>
</testsuite> <!-- TestScripts.Script27 -->
