<?xml version="1.0" encoding="UTF-8"?>
<!-- Generated by org.testng.reporters.JUnitReportReporter -->
<testsuite skipped="0" hostname="tyss-4f-79" name="TestScripts.Script28" tests="1" failures="0" timestamp="05 Nov 2019 09:56:15 GMT" time="15.071" errors="0">
  <testcase name="test10" time="15.071" classname="TestScripts.Script28"/>
</testsuite> <!-- TestScripts.Script28 -->
