<?xml version="1.0" encoding="UTF-8"?>
<!-- Generated by org.testng.reporters.JUnitReportReporter -->
<testsuite skipped="0" hostname="tyss-4f-79" name="TestScripts.scenario10" tests="1" failures="0" timestamp="04 Nov 2019 10:33:27 GMT" time="8.364" errors="0">
  <testcase name="test10" time="8.364" classname="TestScripts.scenario10"/>
</testsuite> <!-- TestScripts.scenario10 -->
