<?xml version="1.0" encoding="UTF-8"?>
<!-- Generated by org.testng.reporters.JUnitReportReporter -->
<testsuite skipped="0" hostname="tyss-4f-79" name="TestScripts.Script30" tests="1" failures="0" timestamp="05 Nov 2019 10:27:53 GMT" time="14.947" errors="0">
  <testcase name="test10" time="14.947" classname="TestScripts.Script30"/>
</testsuite> <!-- TestScripts.Script30 -->
