<?xml version="1.0" encoding="UTF-8"?>
<!-- Generated by org.testng.reporters.JUnitReportReporter -->
<testsuite skipped="0" hostname="tyss-4f-79" name="TestScripts.Script21" tests="1" failures="0" timestamp="05 Nov 2019 04:39:54 GMT" time="24.077" errors="0">
  <testcase name="test10" time="24.077" classname="TestScripts.Script21"/>
</testsuite> <!-- TestScripts.Script21 -->
