<?xml version="1.0" encoding="UTF-8"?>
<!-- Generated by org.testng.reporters.JUnitReportReporter -->
<testsuite skipped="0" hostname="tyss-4f-79" name="TestScripts.Script1" tests="1" failures="0" timestamp="06 Nov 2019 10:21:24 GMT" time="67.928" errors="0">
  <testcase name="test1" time="67.928" classname="TestScripts.Script1"/>
</testsuite> <!-- TestScripts.Script1 -->
