<?xml version="1.0" encoding="UTF-8"?>
<!-- Generated by org.testng.reporters.JUnitReportReporter -->
<testsuite skipped="0" hostname="tyss-4f-79" name="TestScripts.Scenario7" tests="1" failures="0" timestamp="04 Nov 2019 09:43:24 GMT" time="18.901" errors="0">
  <testcase name="test7" time="18.901" classname="TestScripts.Scenario7"/>
</testsuite> <!-- TestScripts.Scenario7 -->
