<?xml version="1.0" encoding="UTF-8"?>
<!-- Generated by org.testng.reporters.JUnitReportReporter -->
<testsuite skipped="0" hostname="tyss-4f-79" name="TestScripts.Script25" tests="1" failures="0" timestamp="05 Nov 2019 05:40:29 GMT" time="61.267" errors="0">
  <testcase name="test10" time="61.267" classname="TestScripts.Script25"/>
</testsuite> <!-- TestScripts.Script25 -->
