<?xml version="1.0" encoding="UTF-8"?>
<!-- Generated by org.testng.reporters.JUnitReportReporter -->
<testsuite skipped="0" hostname="tyss-4f-79" name="TestScripts.Script23" tests="1" failures="0" timestamp="05 Nov 2019 05:02:12 GMT" time="19.539" errors="0">
  <testcase name="test10" time="19.539" classname="TestScripts.Script23"/>
</testsuite> <!-- TestScripts.Script23 -->
