<?xml version="1.0" encoding="UTF-8"?>
<!-- Generated by org.testng.reporters.JUnitReportReporter -->
<testsuite skipped="0" hostname="tyss-4f-79" name="TestScripts.Script29" tests="1" failures="0" timestamp="05 Nov 2019 10:00:11 GMT" time="12.342" errors="0">
  <testcase name="test10" time="12.342" classname="TestScripts.Script29"/>
</testsuite> <!-- TestScripts.Script29 -->
